02:32:12: [INFO] [C:\Users\Dell\Documents\AutoBootcamp\autonomy-bootcamp-2025-p2\modules\heartbeat\heartbeat_receiver_worker.py | heartbeat_receiver_worker | 44] Logger initialized
02:32:12: [INFO] [C:\Users\Dell\Documents\AutoBootcamp\autonomy-bootcamp-2025-p2\modules\heartbeat\heartbeat_receiver_worker.py | heartbeat_receiver_worker | 60] HeartBeatReceiver Created YAY!
02:32:12: [INFO] [C:\Users\Dell\Documents\AutoBootcamp\autonomy-bootcamp-2025-p2\modules\heartbeat\heartbeat_receiver.py | run | 61] Received heartbeat
02:32:12: [INFO] [C:\Users\Dell\Documents\AutoBootcamp\autonomy-bootcamp-2025-p2\modules\heartbeat\heartbeat_receiver_worker.py | heartbeat_receiver_worker | 68] Status: Connected
02:32:13: [INFO] [C:\Users\Dell\Documents\AutoBootcamp\autonomy-bootcamp-2025-p2\modules\heartbeat\heartbeat_receiver.py | run | 61] Received heartbeat
02:32:13: [INFO] [C:\Users\Dell\Documents\AutoBootcamp\autonomy-bootcamp-2025-p2\modules\heartbeat\heartbeat_receiver_worker.py | heartbeat_receiver_worker | 68] Status: Connected
02:32:14: [INFO] [C:\Users\Dell\Documents\AutoBootcamp\autonomy-bootcamp-2025-p2\modules\heartbeat\heartbeat_receiver.py | run | 61] Received heartbeat
02:32:14: [INFO] [C:\Users\Dell\Documents\AutoBootcamp\autonomy-bootcamp-2025-p2\modules\heartbeat\heartbeat_receiver_worker.py | heartbeat_receiver_worker | 68] Status: Connected
02:32:15: [INFO] [C:\Users\Dell\Documents\AutoBootcamp\autonomy-bootcamp-2025-p2\modules\heartbeat\heartbeat_receiver.py | run | 61] Received heartbeat
02:32:15: [INFO] [C:\Users\Dell\Documents\AutoBootcamp\autonomy-bootcamp-2025-p2\modules\heartbeat\heartbeat_receiver_worker.py | heartbeat_receiver_worker | 68] Status: Connected
02:32:16: [INFO] [C:\Users\Dell\Documents\AutoBootcamp\autonomy-bootcamp-2025-p2\modules\heartbeat\heartbeat_receiver.py | run | 61] Received heartbeat
02:32:16: [INFO] [C:\Users\Dell\Documents\AutoBootcamp\autonomy-bootcamp-2025-p2\modules\heartbeat\heartbeat_receiver_worker.py | heartbeat_receiver_worker | 68] Status: Connected
02:32:17: [WARNING] [C:\Users\Dell\Documents\AutoBootcamp\autonomy-bootcamp-2025-p2\modules\heartbeat\heartbeat_receiver.py | run | 64] Missed heartbeat (count: 1)
02:32:17: [INFO] [C:\Users\Dell\Documents\AutoBootcamp\autonomy-bootcamp-2025-p2\modules\heartbeat\heartbeat_receiver_worker.py | heartbeat_receiver_worker | 68] Status: Connected
02:32:18: [WARNING] [C:\Users\Dell\Documents\AutoBootcamp\autonomy-bootcamp-2025-p2\modules\heartbeat\heartbeat_receiver.py | run | 64] Missed heartbeat (count: 2)
02:32:18: [INFO] [C:\Users\Dell\Documents\AutoBootcamp\autonomy-bootcamp-2025-p2\modules\heartbeat\heartbeat_receiver_worker.py | heartbeat_receiver_worker | 68] Status: Connected
02:32:19: [WARNING] [C:\Users\Dell\Documents\AutoBootcamp\autonomy-bootcamp-2025-p2\modules\heartbeat\heartbeat_receiver.py | run | 64] Missed heartbeat (count: 3)
02:32:19: [INFO] [C:\Users\Dell\Documents\AutoBootcamp\autonomy-bootcamp-2025-p2\modules\heartbeat\heartbeat_receiver_worker.py | heartbeat_receiver_worker | 68] Status: Connected
02:32:20: [WARNING] [C:\Users\Dell\Documents\AutoBootcamp\autonomy-bootcamp-2025-p2\modules\heartbeat\heartbeat_receiver.py | run | 64] Missed heartbeat (count: 4)
02:32:20: [INFO] [C:\Users\Dell\Documents\AutoBootcamp\autonomy-bootcamp-2025-p2\modules\heartbeat\heartbeat_receiver_worker.py | heartbeat_receiver_worker | 68] Status: Connected
02:32:21: [WARNING] [C:\Users\Dell\Documents\AutoBootcamp\autonomy-bootcamp-2025-p2\modules\heartbeat\heartbeat_receiver.py | run | 64] Missed heartbeat (count: 5)
02:32:21: [ERROR] [C:\Users\Dell\Documents\AutoBootcamp\autonomy-bootcamp-2025-p2\modules\heartbeat\heartbeat_receiver.py | run | 68] Connection lost after 5 missed heartbeats
02:32:21: [INFO] [C:\Users\Dell\Documents\AutoBootcamp\autonomy-bootcamp-2025-p2\modules\heartbeat\heartbeat_receiver_worker.py | heartbeat_receiver_worker | 68] Status: Disconnected
02:32:22: [WARNING] [C:\Users\Dell\Documents\AutoBootcamp\autonomy-bootcamp-2025-p2\modules\heartbeat\heartbeat_receiver.py | run | 64] Missed heartbeat (count: 6)
02:32:22: [ERROR] [C:\Users\Dell\Documents\AutoBootcamp\autonomy-bootcamp-2025-p2\modules\heartbeat\heartbeat_receiver.py | run | 68] Connection lost after 6 missed heartbeats
02:32:22: [INFO] [C:\Users\Dell\Documents\AutoBootcamp\autonomy-bootcamp-2025-p2\modules\heartbeat\heartbeat_receiver_worker.py | heartbeat_receiver_worker | 68] Status: Disconnected
02:32:23: [WARNING] [C:\Users\Dell\Documents\AutoBootcamp\autonomy-bootcamp-2025-p2\modules\heartbeat\heartbeat_receiver.py | run | 64] Missed heartbeat (count: 7)
02:32:23: [ERROR] [C:\Users\Dell\Documents\AutoBootcamp\autonomy-bootcamp-2025-p2\modules\heartbeat\heartbeat_receiver.py | run | 68] Connection lost after 7 missed heartbeats
02:32:23: [INFO] [C:\Users\Dell\Documents\AutoBootcamp\autonomy-bootcamp-2025-p2\modules\heartbeat\heartbeat_receiver_worker.py | heartbeat_receiver_worker | 68] Status: Disconnected
02:32:24: [WARNING] [C:\Users\Dell\Documents\AutoBootcamp\autonomy-bootcamp-2025-p2\modules\heartbeat\heartbeat_receiver.py | run | 64] Missed heartbeat (count: 8)
02:32:24: [ERROR] [C:\Users\Dell\Documents\AutoBootcamp\autonomy-bootcamp-2025-p2\modules\heartbeat\heartbeat_receiver.py | run | 68] Connection lost after 8 missed heartbeats
02:32:24: [INFO] [C:\Users\Dell\Documents\AutoBootcamp\autonomy-bootcamp-2025-p2\modules\heartbeat\heartbeat_receiver_worker.py | heartbeat_receiver_worker | 68] Status: Disconnected
02:32:25: [INFO] [C:\Users\Dell\Documents\AutoBootcamp\autonomy-bootcamp-2025-p2\modules\heartbeat\heartbeat_receiver.py | run | 61] Received heartbeat
02:32:25: [INFO] [C:\Users\Dell\Documents\AutoBootcamp\autonomy-bootcamp-2025-p2\modules\heartbeat\heartbeat_receiver_worker.py | heartbeat_receiver_worker | 68] Status: Connected
02:32:26: [INFO] [C:\Users\Dell\Documents\AutoBootcamp\autonomy-bootcamp-2025-p2\modules\heartbeat\heartbeat_receiver.py | run | 61] Received heartbeat
02:32:26: [INFO] [C:\Users\Dell\Documents\AutoBootcamp\autonomy-bootcamp-2025-p2\modules\heartbeat\heartbeat_receiver_worker.py | heartbeat_receiver_worker | 68] Status: Connected
02:32:27: [INFO] [C:\Users\Dell\Documents\AutoBootcamp\autonomy-bootcamp-2025-p2\modules\heartbeat\heartbeat_receiver.py | run | 61] Received heartbeat
02:32:27: [INFO] [C:\Users\Dell\Documents\AutoBootcamp\autonomy-bootcamp-2025-p2\modules\heartbeat\heartbeat_receiver_worker.py | heartbeat_receiver_worker | 68] Status: Connected
02:32:28: [INFO] [C:\Users\Dell\Documents\AutoBootcamp\autonomy-bootcamp-2025-p2\modules\heartbeat\heartbeat_receiver.py | run | 61] Received heartbeat
02:32:28: [INFO] [C:\Users\Dell\Documents\AutoBootcamp\autonomy-bootcamp-2025-p2\modules\heartbeat\heartbeat_receiver_worker.py | heartbeat_receiver_worker | 68] Status: Connected
02:32:29: [INFO] [C:\Users\Dell\Documents\AutoBootcamp\autonomy-bootcamp-2025-p2\modules\heartbeat\heartbeat_receiver.py | run | 61] Received heartbeat
02:32:29: [INFO] [C:\Users\Dell\Documents\AutoBootcamp\autonomy-bootcamp-2025-p2\modules\heartbeat\heartbeat_receiver_worker.py | heartbeat_receiver_worker | 68] Status: Connected
02:32:30: [WARNING] [C:\Users\Dell\Documents\AutoBootcamp\autonomy-bootcamp-2025-p2\modules\heartbeat\heartbeat_receiver.py | run | 64] Missed heartbeat (count: 1)
02:32:30: [INFO] [C:\Users\Dell\Documents\AutoBootcamp\autonomy-bootcamp-2025-p2\modules\heartbeat\heartbeat_receiver_worker.py | heartbeat_receiver_worker | 68] Status: Connected
02:32:31: [INFO] [C:\Users\Dell\Documents\AutoBootcamp\autonomy-bootcamp-2025-p2\modules\heartbeat\heartbeat_receiver.py | run | 61] Received heartbeat
02:32:31: [INFO] [C:\Users\Dell\Documents\AutoBootcamp\autonomy-bootcamp-2025-p2\modules\heartbeat\heartbeat_receiver_worker.py | heartbeat_receiver_worker | 68] Status: Connected
02:32:32: [WARNING] [C:\Users\Dell\Documents\AutoBootcamp\autonomy-bootcamp-2025-p2\modules\heartbeat\heartbeat_receiver.py | run | 64] Missed heartbeat (count: 1)
02:32:32: [INFO] [C:\Users\Dell\Documents\AutoBootcamp\autonomy-bootcamp-2025-p2\modules\heartbeat\heartbeat_receiver_worker.py | heartbeat_receiver_worker | 68] Status: Connected
02:32:33: [WARNING] [C:\Users\Dell\Documents\AutoBootcamp\autonomy-bootcamp-2025-p2\modules\heartbeat\heartbeat_receiver.py | run | 64] Missed heartbeat (count: 2)
02:32:33: [INFO] [C:\Users\Dell\Documents\AutoBootcamp\autonomy-bootcamp-2025-p2\modules\heartbeat\heartbeat_receiver_worker.py | heartbeat_receiver_worker | 68] Status: Connected
