01:16:54: [INFO] [C:\Users\Dell\Documents\AutoBootcamp\autonomy-bootcamp-2025-p2\modules\common\modules\logger\logger_main_setup.py | setup_main_logger | 62] main logger initialized
01:16:54: [INFO] [C:\Users\Dell\Documents\AutoBootcamp\autonomy-bootcamp-2025-p2\tests\integration\test_telemetry.py | main | 112] Connected!
01:16:55: [INFO] [C:\Users\Dell\Documents\AutoBootcamp\autonomy-bootcamp-2025-p2\tests\integration\test_telemetry.py | read_queue | 70] Received telemetry data: {
            time_since_boot: 333000,
            x: 0.0,
            y: 0.0,
            z: 0.0,
            x_velocity: 1.0,
            y_velocity: 0.0,
            z_velocity: 0.0,
            roll: 0.0,
            pitch: 0.0,
            yaw: 1.0471975803375244,
            roll_speed: 0.0,
            pitch_speed: 0.0,
            yaw_speed: 3.1415927410125732
        }
01:16:55: [INFO] [C:\Users\Dell\Documents\AutoBootcamp\autonomy-bootcamp-2025-p2\tests\integration\test_telemetry.py | read_queue | 70] Received telemetry data: {
            time_since_boot: 667000,
            x: 0.5,
            y: 0.0,
            z: 0.0,
            x_velocity: 1.0,
            y_velocity: 0.0,
            z_velocity: 0.0,
            roll: 0.0,
            pitch: 0.0,
            yaw: 2.094395160675049,
            roll_speed: 0.0,
            pitch_speed: 0.0,
            yaw_speed: 3.1415927410125732
        }
01:16:56: [INFO] [C:\Users\Dell\Documents\AutoBootcamp\autonomy-bootcamp-2025-p2\tests\integration\test_telemetry.py | read_queue | 70] Received telemetry data: {
            time_since_boot: 668333,
            x: 1.0,
            y: 0.0,
            z: 0.0,
            x_velocity: 1.0,
            y_velocity: 0.0,
            z_velocity: 0.0,
            roll: 0.0,
            pitch: 0.0,
            yaw: -2.094395160675049,
            roll_speed: 0.0,
            pitch_speed: 0.0,
            yaw_speed: 3.1415927410125732
        }
01:16:56: [INFO] [C:\Users\Dell\Documents\AutoBootcamp\autonomy-bootcamp-2025-p2\tests\integration\test_telemetry.py | read_queue | 70] Received telemetry data: {
            time_since_boot: 1337000,
            x: 1.5,
            y: 0.0,
            z: 0.0,
            x_velocity: 1.0,
            y_velocity: 0.0,
            z_velocity: 0.0,
            roll: 0.0,
            pitch: 0.0,
            yaw: -1.0471975803375244,
            roll_speed: 0.0,
            pitch_speed: 0.0,
            yaw_speed: 3.1415927410125732
        }
01:16:57: [INFO] [C:\Users\Dell\Documents\AutoBootcamp\autonomy-bootcamp-2025-p2\tests\integration\test_telemetry.py | read_queue | 70] Received telemetry data: {
            time_since_boot: 2674666,
            x: 2.0,
            y: 0.0,
            z: 0.0,
            x_velocity: 1.0,
            y_velocity: 0.0,
            z_velocity: 0.0,
            roll: 0.0,
            pitch: 0.0,
            yaw: 1.0471975803375244,
            roll_speed: 0.0,
            pitch_speed: 0.0,
            yaw_speed: 3.1415927410125732
        }
01:16:57: [INFO] [C:\Users\Dell\Documents\AutoBootcamp\autonomy-bootcamp-2025-p2\tests\integration\test_telemetry.py | read_queue | 70] Received telemetry data: {
            time_since_boot: 5349666,
            x: 2.5,
            y: 0.0,
            z: 0.0,
            x_velocity: 1.0,
            y_velocity: 0.0,
            z_velocity: 0.0,
            roll: 0.0,
            pitch: 0.0,
            yaw: 2.094395160675049,
            roll_speed: 0.0,
            pitch_speed: 0.0,
            yaw_speed: 3.1415927410125732
        }
01:16:58: [INFO] [C:\Users\Dell\Documents\AutoBootcamp\autonomy-bootcamp-2025-p2\tests\integration\test_telemetry.py | read_queue | 70] Received telemetry data: {
            time_since_boot: 10699998,
            x: 3.0,
            y: 0.0,
            z: 0.0,
            x_velocity: 1.0,
            y_velocity: 0.0,
            z_velocity: 0.0,
            roll: 0.0,
            pitch: 0.0,
            yaw: -2.094395160675049,
            roll_speed: 0.0,
            pitch_speed: 0.0,
            yaw_speed: 3.1415927410125732
        }
01:16:58: [INFO] [C:\Users\Dell\Documents\AutoBootcamp\autonomy-bootcamp-2025-p2\tests\integration\test_telemetry.py | read_queue | 70] Received telemetry data: {
            time_since_boot: 21400329,
            x: 3.5,
            y: 0.0,
            z: 0.0,
            x_velocity: 1.0,
            y_velocity: 0.0,
            z_velocity: 0.0,
            roll: 0.0,
            pitch: 0.0,
            yaw: -1.0471975803375244,
            roll_speed: 0.0,
            pitch_speed: 0.0,
            yaw_speed: 3.1415927410125732
        }
01:16:59: [INFO] [C:\Users\Dell\Documents\AutoBootcamp\autonomy-bootcamp-2025-p2\tests\integration\test_telemetry.py | read_queue | 70] Received telemetry data: {
            time_since_boot: 42801325,
            x: 4.0,
            y: 0.0,
            z: 0.0,
            x_velocity: 1.0,
            y_velocity: 0.0,
            z_velocity: 0.0,
            roll: 0.0,
            pitch: 0.0,
            yaw: 1.0471975803375244,
            roll_speed: 0.0,
            pitch_speed: 0.0,
            yaw_speed: 3.1415927410125732
        }
01:16:59: [INFO] [C:\Users\Dell\Documents\AutoBootcamp\autonomy-bootcamp-2025-p2\tests\integration\test_telemetry.py | read_queue | 70] Received telemetry data: {
            time_since_boot: 85602984,
            x: 4.5,
            y: 0.0,
            z: 0.0,
            x_velocity: 1.0,
            y_velocity: 0.0,
            z_velocity: 0.0,
            roll: 0.0,
            pitch: 0.0,
            yaw: 2.094395160675049,
            roll_speed: 0.0,
            pitch_speed: 0.0,
            yaw_speed: 3.1415927410125732
        }
01:17:03: [INFO] [C:\Users\Dell\Documents\AutoBootcamp\autonomy-bootcamp-2025-p2\tests\integration\test_telemetry.py | read_queue | 70] Received telemetry data: {
            time_since_boot: 171701301,
            x: 0.0,
            y: 0.0,
            z: 0.0,
            x_velocity: 1.0,
            y_velocity: 0.0,
            z_velocity: 0.0,
            roll: 0.0,
            pitch: 0.0,
            yaw: 1.5707963705062866,
            roll_speed: 0.0,
            pitch_speed: 0.0,
            yaw_speed: 3.1415927410125732
        }
01:17:03: [INFO] [C:\Users\Dell\Documents\AutoBootcamp\autonomy-bootcamp-2025-p2\tests\integration\test_telemetry.py | read_queue | 70] Received telemetry data: {
            time_since_boot: 343569602,
            x: 0.6666666865348816,
            y: 0.0,
            z: 0.0,
            x_velocity: 1.0,
            y_velocity: 0.0,
            z_velocity: 0.0,
            roll: 0.0,
            pitch: 0.0,
            yaw: 3.1415927410125732,
            roll_speed: 0.0,
            pitch_speed: 0.0,
            yaw_speed: 3.1415927410125732
        }
01:17:04: [INFO] [C:\Users\Dell\Documents\AutoBootcamp\autonomy-bootcamp-2025-p2\tests\integration\test_telemetry.py | read_queue | 70] Received telemetry data: {
            time_since_boot: 686473705,
            x: 1.0,
            y: 0.0,
            z: 0.0,
            x_velocity: 1.0,
            y_velocity: 0.0,
            z_velocity: 0.0,
            roll: 0.0,
            pitch: 0.0,
            yaw: -1.5707963705062866,
            roll_speed: 0.0,
            pitch_speed: 0.0,
            yaw_speed: 3.1415927410125732
        }
01:17:04: [INFO] [C:\Users\Dell\Documents\AutoBootcamp\autonomy-bootcamp-2025-p2\tests\integration\test_telemetry.py | read_queue | 70] Received telemetry data: {
            time_since_boot: 1372947909,
            x: 1.6666666269302368,
            y: 0.0,
            z: 0.0,
            x_velocity: 1.0,
            y_velocity: 0.0,
            z_velocity: 0.0,
            roll: 0.0,
            pitch: 0.0,
            yaw: 0.0,
            roll_speed: 0.0,
            pitch_speed: 0.0,
            yaw_speed: 3.1415927410125732
        }
01:17:05: [INFO] [C:\Users\Dell\Documents\AutoBootcamp\autonomy-bootcamp-2025-p2\tests\integration\test_telemetry.py | read_queue | 70] Received telemetry data: {
            time_since_boot: 2745896318,
            x: 2.0,
            y: 0.0,
            z: 0.0,
            x_velocity: 1.0,
            y_velocity: 0.0,
            z_velocity: 0.0,
            roll: 0.0,
            pitch: 0.0,
            yaw: 1.5707963705062866,
            roll_speed: 0.0,
            pitch_speed: 0.0,
            yaw_speed: 3.1415927410125732
        }
01:17:05: [INFO] [C:\Users\Dell\Documents\AutoBootcamp\autonomy-bootcamp-2025-p2\tests\integration\test_telemetry.py | read_queue | 70] Received telemetry data: {
            time_since_boot: 5491793136,
            x: 2.6666667461395264,
            y: 0.0,
            z: 0.0,
            x_velocity: 1.0,
            y_velocity: 0.0,
            z_velocity: 0.0,
            roll: 0.0,
            pitch: 0.0,
            yaw: 3.1415927410125732,
            roll_speed: 0.0,
            pitch_speed: 0.0,
            yaw_speed: 3.1415927410125732
        }
01:17:06: [INFO] [C:\Users\Dell\Documents\AutoBootcamp\autonomy-bootcamp-2025-p2\tests\integration\test_telemetry.py | read_queue | 70] Received telemetry data: {
            time_since_boot: 10983586772,
            x: 3.0,
            y: 0.0,
            z: 0.0,
            x_velocity: 1.0,
            y_velocity: 0.0,
            z_velocity: 0.0,
            roll: 0.0,
            pitch: 0.0,
            yaw: -1.5707963705062866,
            roll_speed: 0.0,
            pitch_speed: 0.0,
            yaw_speed: 3.1415927410125732
        }
01:17:06: [INFO] [C:\Users\Dell\Documents\AutoBootcamp\autonomy-bootcamp-2025-p2\tests\integration\test_telemetry.py | read_queue | 70] Received telemetry data: {
            time_since_boot: 21967174044,
            x: 3.6666667461395264,
            y: 0.0,
            z: 0.0,
            x_velocity: 1.0,
            y_velocity: 0.0,
            z_velocity: 0.0,
            roll: 0.0,
            pitch: 0.0,
            yaw: 0.0,
            roll_speed: 0.0,
            pitch_speed: 0.0,
            yaw_speed: 3.1415927410125732
        }
01:17:07: [INFO] [C:\Users\Dell\Documents\AutoBootcamp\autonomy-bootcamp-2025-p2\tests\integration\test_telemetry.py | read_queue | 70] Received telemetry data: {
            time_since_boot: 43934348588,
            x: 4.0,
            y: 0.0,
            z: 0.0,
            x_velocity: 1.0,
            y_velocity: 0.0,
            z_velocity: 0.0,
            roll: 0.0,
            pitch: 0.0,
            yaw: 1.5707963705062866,
            roll_speed: 0.0,
            pitch_speed: 0.0,
            yaw_speed: 3.1415927410125732
        }
