01:16:55: [INFO] [C:\Users\Dell\Documents\AutoBootcamp\autonomy-bootcamp-2025-p2\modules\telemetry\telemetry_worker.py | telemetry_worker | 46] Logger initialized
01:16:55: [INFO] [C:\Users\Dell\Documents\AutoBootcamp\autonomy-bootcamp-2025-p2\modules\telemetry\telemetry_worker.py | telemetry_worker | 58] Telemetry Created YAY!
01:16:55: [INFO] [C:\Users\Dell\Documents\AutoBootcamp\autonomy-bootcamp-2025-p2\modules\telemetry\telemetry.py | run | 188] TelemetryData created: {
            time_since_boot: 333000,
            x: 0.0,
            y: 0.0,
            z: 0.0,
            x_velocity: 1.0,
            y_velocity: 0.0,
            z_velocity: 0.0,
            roll: 0.0,
            pitch: 0.0,
            yaw: 1.0471975803375244,
            roll_speed: 0.0,
            pitch_speed: 0.0,
            yaw_speed: 3.1415927410125732
        }
01:16:55: [INFO] [C:\Users\Dell\Documents\AutoBootcamp\autonomy-bootcamp-2025-p2\modules\telemetry\telemetry_worker.py | telemetry_worker | 71] Sent telemetry data: {
            time_since_boot: 333000,
            x: 0.0,
            y: 0.0,
            z: 0.0,
            x_velocity: 1.0,
            y_velocity: 0.0,
            z_velocity: 0.0,
            roll: 0.0,
            pitch: 0.0,
            yaw: 1.0471975803375244,
            roll_speed: 0.0,
            pitch_speed: 0.0,
            yaw_speed: 3.1415927410125732
        }
01:16:55: [INFO] [C:\Users\Dell\Documents\AutoBootcamp\autonomy-bootcamp-2025-p2\modules\telemetry\telemetry.py | run | 188] TelemetryData created: {
            time_since_boot: 667000,
            x: 0.5,
            y: 0.0,
            z: 0.0,
            x_velocity: 1.0,
            y_velocity: 0.0,
            z_velocity: 0.0,
            roll: 0.0,
            pitch: 0.0,
            yaw: 2.094395160675049,
            roll_speed: 0.0,
            pitch_speed: 0.0,
            yaw_speed: 3.1415927410125732
        }
01:16:55: [INFO] [C:\Users\Dell\Documents\AutoBootcamp\autonomy-bootcamp-2025-p2\modules\telemetry\telemetry_worker.py | telemetry_worker | 71] Sent telemetry data: {
            time_since_boot: 667000,
            x: 0.5,
            y: 0.0,
            z: 0.0,
            x_velocity: 1.0,
            y_velocity: 0.0,
            z_velocity: 0.0,
            roll: 0.0,
            pitch: 0.0,
            yaw: 2.094395160675049,
            roll_speed: 0.0,
            pitch_speed: 0.0,
            yaw_speed: 3.1415927410125732
        }
01:16:56: [WARNING] [C:\Users\Dell\Documents\AutoBootcamp\autonomy-bootcamp-2025-p2\modules\telemetry\telemetry.py | run | 167] Detected telemetry time reset, applying offset.
01:16:56: [INFO] [C:\Users\Dell\Documents\AutoBootcamp\autonomy-bootcamp-2025-p2\modules\telemetry\telemetry.py | run | 188] TelemetryData created: {
            time_since_boot: 668333,
            x: 1.0,
            y: 0.0,
            z: 0.0,
            x_velocity: 1.0,
            y_velocity: 0.0,
            z_velocity: 0.0,
            roll: 0.0,
            pitch: 0.0,
            yaw: -2.094395160675049,
            roll_speed: 0.0,
            pitch_speed: 0.0,
            yaw_speed: 3.1415927410125732
        }
01:16:56: [INFO] [C:\Users\Dell\Documents\AutoBootcamp\autonomy-bootcamp-2025-p2\modules\telemetry\telemetry_worker.py | telemetry_worker | 71] Sent telemetry data: {
            time_since_boot: 668333,
            x: 1.0,
            y: 0.0,
            z: 0.0,
            x_velocity: 1.0,
            y_velocity: 0.0,
            z_velocity: 0.0,
            roll: 0.0,
            pitch: 0.0,
            yaw: -2.094395160675049,
            roll_speed: 0.0,
            pitch_speed: 0.0,
            yaw_speed: 3.1415927410125732
        }
01:16:56: [WARNING] [C:\Users\Dell\Documents\AutoBootcamp\autonomy-bootcamp-2025-p2\modules\telemetry\telemetry.py | run | 167] Detected telemetry time reset, applying offset.
01:16:56: [INFO] [C:\Users\Dell\Documents\AutoBootcamp\autonomy-bootcamp-2025-p2\modules\telemetry\telemetry.py | run | 188] TelemetryData created: {
            time_since_boot: 1337000,
            x: 1.5,
            y: 0.0,
            z: 0.0,
            x_velocity: 1.0,
            y_velocity: 0.0,
            z_velocity: 0.0,
            roll: 0.0,
            pitch: 0.0,
            yaw: -1.0471975803375244,
            roll_speed: 0.0,
            pitch_speed: 0.0,
            yaw_speed: 3.1415927410125732
        }
01:16:56: [INFO] [C:\Users\Dell\Documents\AutoBootcamp\autonomy-bootcamp-2025-p2\modules\telemetry\telemetry_worker.py | telemetry_worker | 71] Sent telemetry data: {
            time_since_boot: 1337000,
            x: 1.5,
            y: 0.0,
            z: 0.0,
            x_velocity: 1.0,
            y_velocity: 0.0,
            z_velocity: 0.0,
            roll: 0.0,
            pitch: 0.0,
            yaw: -1.0471975803375244,
            roll_speed: 0.0,
            pitch_speed: 0.0,
            yaw_speed: 3.1415927410125732
        }
01:16:57: [WARNING] [C:\Users\Dell\Documents\AutoBootcamp\autonomy-bootcamp-2025-p2\modules\telemetry\telemetry.py | run | 167] Detected telemetry time reset, applying offset.
01:16:57: [INFO] [C:\Users\Dell\Documents\AutoBootcamp\autonomy-bootcamp-2025-p2\modules\telemetry\telemetry.py | run | 188] TelemetryData created: {
            time_since_boot: 2674666,
            x: 2.0,
            y: 0.0,
            z: 0.0,
            x_velocity: 1.0,
            y_velocity: 0.0,
            z_velocity: 0.0,
            roll: 0.0,
            pitch: 0.0,
            yaw: 1.0471975803375244,
            roll_speed: 0.0,
            pitch_speed: 0.0,
            yaw_speed: 3.1415927410125732
        }
01:16:57: [INFO] [C:\Users\Dell\Documents\AutoBootcamp\autonomy-bootcamp-2025-p2\modules\telemetry\telemetry_worker.py | telemetry_worker | 71] Sent telemetry data: {
            time_since_boot: 2674666,
            x: 2.0,
            y: 0.0,
            z: 0.0,
            x_velocity: 1.0,
            y_velocity: 0.0,
            z_velocity: 0.0,
            roll: 0.0,
            pitch: 0.0,
            yaw: 1.0471975803375244,
            roll_speed: 0.0,
            pitch_speed: 0.0,
            yaw_speed: 3.1415927410125732
        }
01:16:57: [WARNING] [C:\Users\Dell\Documents\AutoBootcamp\autonomy-bootcamp-2025-p2\modules\telemetry\telemetry.py | run | 167] Detected telemetry time reset, applying offset.
01:16:57: [INFO] [C:\Users\Dell\Documents\AutoBootcamp\autonomy-bootcamp-2025-p2\modules\telemetry\telemetry.py | run | 188] TelemetryData created: {
            time_since_boot: 5349666,
            x: 2.5,
            y: 0.0,
            z: 0.0,
            x_velocity: 1.0,
            y_velocity: 0.0,
            z_velocity: 0.0,
            roll: 0.0,
            pitch: 0.0,
            yaw: 2.094395160675049,
            roll_speed: 0.0,
            pitch_speed: 0.0,
            yaw_speed: 3.1415927410125732
        }
01:16:57: [INFO] [C:\Users\Dell\Documents\AutoBootcamp\autonomy-bootcamp-2025-p2\modules\telemetry\telemetry_worker.py | telemetry_worker | 71] Sent telemetry data: {
            time_since_boot: 5349666,
            x: 2.5,
            y: 0.0,
            z: 0.0,
            x_velocity: 1.0,
            y_velocity: 0.0,
            z_velocity: 0.0,
            roll: 0.0,
            pitch: 0.0,
            yaw: 2.094395160675049,
            roll_speed: 0.0,
            pitch_speed: 0.0,
            yaw_speed: 3.1415927410125732
        }
01:16:58: [WARNING] [C:\Users\Dell\Documents\AutoBootcamp\autonomy-bootcamp-2025-p2\modules\telemetry\telemetry.py | run | 167] Detected telemetry time reset, applying offset.
01:16:58: [INFO] [C:\Users\Dell\Documents\AutoBootcamp\autonomy-bootcamp-2025-p2\modules\telemetry\telemetry.py | run | 188] TelemetryData created: {
            time_since_boot: 10699998,
            x: 3.0,
            y: 0.0,
            z: 0.0,
            x_velocity: 1.0,
            y_velocity: 0.0,
            z_velocity: 0.0,
            roll: 0.0,
            pitch: 0.0,
            yaw: -2.094395160675049,
            roll_speed: 0.0,
            pitch_speed: 0.0,
            yaw_speed: 3.1415927410125732
        }
01:16:58: [INFO] [C:\Users\Dell\Documents\AutoBootcamp\autonomy-bootcamp-2025-p2\modules\telemetry\telemetry_worker.py | telemetry_worker | 71] Sent telemetry data: {
            time_since_boot: 10699998,
            x: 3.0,
            y: 0.0,
            z: 0.0,
            x_velocity: 1.0,
            y_velocity: 0.0,
            z_velocity: 0.0,
            roll: 0.0,
            pitch: 0.0,
            yaw: -2.094395160675049,
            roll_speed: 0.0,
            pitch_speed: 0.0,
            yaw_speed: 3.1415927410125732
        }
01:16:58: [WARNING] [C:\Users\Dell\Documents\AutoBootcamp\autonomy-bootcamp-2025-p2\modules\telemetry\telemetry.py | run | 167] Detected telemetry time reset, applying offset.
01:16:58: [INFO] [C:\Users\Dell\Documents\AutoBootcamp\autonomy-bootcamp-2025-p2\modules\telemetry\telemetry.py | run | 188] TelemetryData created: {
            time_since_boot: 21400329,
            x: 3.5,
            y: 0.0,
            z: 0.0,
            x_velocity: 1.0,
            y_velocity: 0.0,
            z_velocity: 0.0,
            roll: 0.0,
            pitch: 0.0,
            yaw: -1.0471975803375244,
            roll_speed: 0.0,
            pitch_speed: 0.0,
            yaw_speed: 3.1415927410125732
        }
01:16:58: [INFO] [C:\Users\Dell\Documents\AutoBootcamp\autonomy-bootcamp-2025-p2\modules\telemetry\telemetry_worker.py | telemetry_worker | 71] Sent telemetry data: {
            time_since_boot: 21400329,
            x: 3.5,
            y: 0.0,
            z: 0.0,
            x_velocity: 1.0,
            y_velocity: 0.0,
            z_velocity: 0.0,
            roll: 0.0,
            pitch: 0.0,
            yaw: -1.0471975803375244,
            roll_speed: 0.0,
            pitch_speed: 0.0,
            yaw_speed: 3.1415927410125732
        }
01:16:59: [WARNING] [C:\Users\Dell\Documents\AutoBootcamp\autonomy-bootcamp-2025-p2\modules\telemetry\telemetry.py | run | 167] Detected telemetry time reset, applying offset.
01:16:59: [INFO] [C:\Users\Dell\Documents\AutoBootcamp\autonomy-bootcamp-2025-p2\modules\telemetry\telemetry.py | run | 188] TelemetryData created: {
            time_since_boot: 42801325,
            x: 4.0,
            y: 0.0,
            z: 0.0,
            x_velocity: 1.0,
            y_velocity: 0.0,
            z_velocity: 0.0,
            roll: 0.0,
            pitch: 0.0,
            yaw: 1.0471975803375244,
            roll_speed: 0.0,
            pitch_speed: 0.0,
            yaw_speed: 3.1415927410125732
        }
01:16:59: [INFO] [C:\Users\Dell\Documents\AutoBootcamp\autonomy-bootcamp-2025-p2\modules\telemetry\telemetry_worker.py | telemetry_worker | 71] Sent telemetry data: {
            time_since_boot: 42801325,
            x: 4.0,
            y: 0.0,
            z: 0.0,
            x_velocity: 1.0,
            y_velocity: 0.0,
            z_velocity: 0.0,
            roll: 0.0,
            pitch: 0.0,
            yaw: 1.0471975803375244,
            roll_speed: 0.0,
            pitch_speed: 0.0,
            yaw_speed: 3.1415927410125732
        }
01:16:59: [WARNING] [C:\Users\Dell\Documents\AutoBootcamp\autonomy-bootcamp-2025-p2\modules\telemetry\telemetry.py | run | 167] Detected telemetry time reset, applying offset.
01:16:59: [INFO] [C:\Users\Dell\Documents\AutoBootcamp\autonomy-bootcamp-2025-p2\modules\telemetry\telemetry.py | run | 188] TelemetryData created: {
            time_since_boot: 85602984,
            x: 4.5,
            y: 0.0,
            z: 0.0,
            x_velocity: 1.0,
            y_velocity: 0.0,
            z_velocity: 0.0,
            roll: 0.0,
            pitch: 0.0,
            yaw: 2.094395160675049,
            roll_speed: 0.0,
            pitch_speed: 0.0,
            yaw_speed: 3.1415927410125732
        }
01:16:59: [INFO] [C:\Users\Dell\Documents\AutoBootcamp\autonomy-bootcamp-2025-p2\modules\telemetry\telemetry_worker.py | telemetry_worker | 71] Sent telemetry data: {
            time_since_boot: 85602984,
            x: 4.5,
            y: 0.0,
            z: 0.0,
            x_velocity: 1.0,
            y_velocity: 0.0,
            z_velocity: 0.0,
            roll: 0.0,
            pitch: 0.0,
            yaw: 2.094395160675049,
            roll_speed: 0.0,
            pitch_speed: 0.0,
            yaw_speed: 3.1415927410125732
        }
01:17:00: [WARNING] [C:\Users\Dell\Documents\AutoBootcamp\autonomy-bootcamp-2025-p2\modules\telemetry\telemetry.py | run | 139] Did not receive both ATTITUDE and LOCAL_POSITION_NED within 1 second.
01:17:00: [ERROR] [C:\Users\Dell\Documents\AutoBootcamp\autonomy-bootcamp-2025-p2\modules\telemetry\telemetry_worker.py | telemetry_worker | 66] Attempting to enqueue None telemetry_data! Skipping.
01:17:01: [WARNING] [C:\Users\Dell\Documents\AutoBootcamp\autonomy-bootcamp-2025-p2\modules\telemetry\telemetry.py | run | 139] Did not receive both ATTITUDE and LOCAL_POSITION_NED within 1 second.
01:17:01: [ERROR] [C:\Users\Dell\Documents\AutoBootcamp\autonomy-bootcamp-2025-p2\modules\telemetry\telemetry_worker.py | telemetry_worker | 66] Attempting to enqueue None telemetry_data! Skipping.
01:17:02: [WARNING] [C:\Users\Dell\Documents\AutoBootcamp\autonomy-bootcamp-2025-p2\modules\telemetry\telemetry.py | run | 139] Did not receive both ATTITUDE and LOCAL_POSITION_NED within 1 second.
01:17:02: [ERROR] [C:\Users\Dell\Documents\AutoBootcamp\autonomy-bootcamp-2025-p2\modules\telemetry\telemetry_worker.py | telemetry_worker | 66] Attempting to enqueue None telemetry_data! Skipping.
01:17:03: [WARNING] [C:\Users\Dell\Documents\AutoBootcamp\autonomy-bootcamp-2025-p2\modules\telemetry\telemetry.py | run | 167] Detected telemetry time reset, applying offset.
01:17:03: [INFO] [C:\Users\Dell\Documents\AutoBootcamp\autonomy-bootcamp-2025-p2\modules\telemetry\telemetry.py | run | 188] TelemetryData created: {
            time_since_boot: 171701301,
            x: 0.0,
            y: 0.0,
            z: 0.0,
            x_velocity: 1.0,
            y_velocity: 0.0,
            z_velocity: 0.0,
            roll: 0.0,
            pitch: 0.0,
            yaw: 1.5707963705062866,
            roll_speed: 0.0,
            pitch_speed: 0.0,
            yaw_speed: 3.1415927410125732
        }
01:17:03: [INFO] [C:\Users\Dell\Documents\AutoBootcamp\autonomy-bootcamp-2025-p2\modules\telemetry\telemetry_worker.py | telemetry_worker | 71] Sent telemetry data: {
            time_since_boot: 171701301,
            x: 0.0,
            y: 0.0,
            z: 0.0,
            x_velocity: 1.0,
            y_velocity: 0.0,
            z_velocity: 0.0,
            roll: 0.0,
            pitch: 0.0,
            yaw: 1.5707963705062866,
            roll_speed: 0.0,
            pitch_speed: 0.0,
            yaw_speed: 3.1415927410125732
        }
01:17:03: [WARNING] [C:\Users\Dell\Documents\AutoBootcamp\autonomy-bootcamp-2025-p2\modules\telemetry\telemetry.py | run | 167] Detected telemetry time reset, applying offset.
01:17:03: [INFO] [C:\Users\Dell\Documents\AutoBootcamp\autonomy-bootcamp-2025-p2\modules\telemetry\telemetry.py | run | 188] TelemetryData created: {
            time_since_boot: 343569602,
            x: 0.6666666865348816,
            y: 0.0,
            z: 0.0,
            x_velocity: 1.0,
            y_velocity: 0.0,
            z_velocity: 0.0,
            roll: 0.0,
            pitch: 0.0,
            yaw: 3.1415927410125732,
            roll_speed: 0.0,
            pitch_speed: 0.0,
            yaw_speed: 3.1415927410125732
        }
01:17:03: [INFO] [C:\Users\Dell\Documents\AutoBootcamp\autonomy-bootcamp-2025-p2\modules\telemetry\telemetry_worker.py | telemetry_worker | 71] Sent telemetry data: {
            time_since_boot: 343569602,
            x: 0.6666666865348816,
            y: 0.0,
            z: 0.0,
            x_velocity: 1.0,
            y_velocity: 0.0,
            z_velocity: 0.0,
            roll: 0.0,
            pitch: 0.0,
            yaw: 3.1415927410125732,
            roll_speed: 0.0,
            pitch_speed: 0.0,
            yaw_speed: 3.1415927410125732
        }
01:17:04: [WARNING] [C:\Users\Dell\Documents\AutoBootcamp\autonomy-bootcamp-2025-p2\modules\telemetry\telemetry.py | run | 167] Detected telemetry time reset, applying offset.
01:17:04: [INFO] [C:\Users\Dell\Documents\AutoBootcamp\autonomy-bootcamp-2025-p2\modules\telemetry\telemetry.py | run | 188] TelemetryData created: {
            time_since_boot: 686473705,
            x: 1.0,
            y: 0.0,
            z: 0.0,
            x_velocity: 1.0,
            y_velocity: 0.0,
            z_velocity: 0.0,
            roll: 0.0,
            pitch: 0.0,
            yaw: -1.5707963705062866,
            roll_speed: 0.0,
            pitch_speed: 0.0,
            yaw_speed: 3.1415927410125732
        }
01:17:04: [INFO] [C:\Users\Dell\Documents\AutoBootcamp\autonomy-bootcamp-2025-p2\modules\telemetry\telemetry_worker.py | telemetry_worker | 71] Sent telemetry data: {
            time_since_boot: 686473705,
            x: 1.0,
            y: 0.0,
            z: 0.0,
            x_velocity: 1.0,
            y_velocity: 0.0,
            z_velocity: 0.0,
            roll: 0.0,
            pitch: 0.0,
            yaw: -1.5707963705062866,
            roll_speed: 0.0,
            pitch_speed: 0.0,
            yaw_speed: 3.1415927410125732
        }
01:17:04: [WARNING] [C:\Users\Dell\Documents\AutoBootcamp\autonomy-bootcamp-2025-p2\modules\telemetry\telemetry.py | run | 167] Detected telemetry time reset, applying offset.
01:17:04: [INFO] [C:\Users\Dell\Documents\AutoBootcamp\autonomy-bootcamp-2025-p2\modules\telemetry\telemetry.py | run | 188] TelemetryData created: {
            time_since_boot: 1372947909,
            x: 1.6666666269302368,
            y: 0.0,
            z: 0.0,
            x_velocity: 1.0,
            y_velocity: 0.0,
            z_velocity: 0.0,
            roll: 0.0,
            pitch: 0.0,
            yaw: 0.0,
            roll_speed: 0.0,
            pitch_speed: 0.0,
            yaw_speed: 3.1415927410125732
        }
01:17:04: [INFO] [C:\Users\Dell\Documents\AutoBootcamp\autonomy-bootcamp-2025-p2\modules\telemetry\telemetry_worker.py | telemetry_worker | 71] Sent telemetry data: {
            time_since_boot: 1372947909,
            x: 1.6666666269302368,
            y: 0.0,
            z: 0.0,
            x_velocity: 1.0,
            y_velocity: 0.0,
            z_velocity: 0.0,
            roll: 0.0,
            pitch: 0.0,
            yaw: 0.0,
            roll_speed: 0.0,
            pitch_speed: 0.0,
            yaw_speed: 3.1415927410125732
        }
01:17:05: [WARNING] [C:\Users\Dell\Documents\AutoBootcamp\autonomy-bootcamp-2025-p2\modules\telemetry\telemetry.py | run | 167] Detected telemetry time reset, applying offset.
01:17:05: [INFO] [C:\Users\Dell\Documents\AutoBootcamp\autonomy-bootcamp-2025-p2\modules\telemetry\telemetry.py | run | 188] TelemetryData created: {
            time_since_boot: 2745896318,
            x: 2.0,
            y: 0.0,
            z: 0.0,
            x_velocity: 1.0,
            y_velocity: 0.0,
            z_velocity: 0.0,
            roll: 0.0,
            pitch: 0.0,
            yaw: 1.5707963705062866,
            roll_speed: 0.0,
            pitch_speed: 0.0,
            yaw_speed: 3.1415927410125732
        }
01:17:05: [INFO] [C:\Users\Dell\Documents\AutoBootcamp\autonomy-bootcamp-2025-p2\modules\telemetry\telemetry_worker.py | telemetry_worker | 71] Sent telemetry data: {
            time_since_boot: 2745896318,
            x: 2.0,
            y: 0.0,
            z: 0.0,
            x_velocity: 1.0,
            y_velocity: 0.0,
            z_velocity: 0.0,
            roll: 0.0,
            pitch: 0.0,
            yaw: 1.5707963705062866,
            roll_speed: 0.0,
            pitch_speed: 0.0,
            yaw_speed: 3.1415927410125732
        }
01:17:05: [WARNING] [C:\Users\Dell\Documents\AutoBootcamp\autonomy-bootcamp-2025-p2\modules\telemetry\telemetry.py | run | 167] Detected telemetry time reset, applying offset.
01:17:05: [INFO] [C:\Users\Dell\Documents\AutoBootcamp\autonomy-bootcamp-2025-p2\modules\telemetry\telemetry.py | run | 188] TelemetryData created: {
            time_since_boot: 5491793136,
            x: 2.6666667461395264,
            y: 0.0,
            z: 0.0,
            x_velocity: 1.0,
            y_velocity: 0.0,
            z_velocity: 0.0,
            roll: 0.0,
            pitch: 0.0,
            yaw: 3.1415927410125732,
            roll_speed: 0.0,
            pitch_speed: 0.0,
            yaw_speed: 3.1415927410125732
        }
01:17:05: [INFO] [C:\Users\Dell\Documents\AutoBootcamp\autonomy-bootcamp-2025-p2\modules\telemetry\telemetry_worker.py | telemetry_worker | 71] Sent telemetry data: {
            time_since_boot: 5491793136,
            x: 2.6666667461395264,
            y: 0.0,
            z: 0.0,
            x_velocity: 1.0,
            y_velocity: 0.0,
            z_velocity: 0.0,
            roll: 0.0,
            pitch: 0.0,
            yaw: 3.1415927410125732,
            roll_speed: 0.0,
            pitch_speed: 0.0,
            yaw_speed: 3.1415927410125732
        }
01:17:06: [WARNING] [C:\Users\Dell\Documents\AutoBootcamp\autonomy-bootcamp-2025-p2\modules\telemetry\telemetry.py | run | 167] Detected telemetry time reset, applying offset.
01:17:06: [INFO] [C:\Users\Dell\Documents\AutoBootcamp\autonomy-bootcamp-2025-p2\modules\telemetry\telemetry.py | run | 188] TelemetryData created: {
            time_since_boot: 10983586772,
            x: 3.0,
            y: 0.0,
            z: 0.0,
            x_velocity: 1.0,
            y_velocity: 0.0,
            z_velocity: 0.0,
            roll: 0.0,
            pitch: 0.0,
            yaw: -1.5707963705062866,
            roll_speed: 0.0,
            pitch_speed: 0.0,
            yaw_speed: 3.1415927410125732
        }
01:17:06: [INFO] [C:\Users\Dell\Documents\AutoBootcamp\autonomy-bootcamp-2025-p2\modules\telemetry\telemetry_worker.py | telemetry_worker | 71] Sent telemetry data: {
            time_since_boot: 10983586772,
            x: 3.0,
            y: 0.0,
            z: 0.0,
            x_velocity: 1.0,
            y_velocity: 0.0,
            z_velocity: 0.0,
            roll: 0.0,
            pitch: 0.0,
            yaw: -1.5707963705062866,
            roll_speed: 0.0,
            pitch_speed: 0.0,
            yaw_speed: 3.1415927410125732
        }
01:17:06: [WARNING] [C:\Users\Dell\Documents\AutoBootcamp\autonomy-bootcamp-2025-p2\modules\telemetry\telemetry.py | run | 167] Detected telemetry time reset, applying offset.
01:17:06: [INFO] [C:\Users\Dell\Documents\AutoBootcamp\autonomy-bootcamp-2025-p2\modules\telemetry\telemetry.py | run | 188] TelemetryData created: {
            time_since_boot: 21967174044,
            x: 3.6666667461395264,
            y: 0.0,
            z: 0.0,
            x_velocity: 1.0,
            y_velocity: 0.0,
            z_velocity: 0.0,
            roll: 0.0,
            pitch: 0.0,
            yaw: 0.0,
            roll_speed: 0.0,
            pitch_speed: 0.0,
            yaw_speed: 3.1415927410125732
        }
01:17:06: [INFO] [C:\Users\Dell\Documents\AutoBootcamp\autonomy-bootcamp-2025-p2\modules\telemetry\telemetry_worker.py | telemetry_worker | 71] Sent telemetry data: {
            time_since_boot: 21967174044,
            x: 3.6666667461395264,
            y: 0.0,
            z: 0.0,
            x_velocity: 1.0,
            y_velocity: 0.0,
            z_velocity: 0.0,
            roll: 0.0,
            pitch: 0.0,
            yaw: 0.0,
            roll_speed: 0.0,
            pitch_speed: 0.0,
            yaw_speed: 3.1415927410125732
        }
01:17:07: [WARNING] [C:\Users\Dell\Documents\AutoBootcamp\autonomy-bootcamp-2025-p2\modules\telemetry\telemetry.py | run | 167] Detected telemetry time reset, applying offset.
01:17:07: [INFO] [C:\Users\Dell\Documents\AutoBootcamp\autonomy-bootcamp-2025-p2\modules\telemetry\telemetry.py | run | 188] TelemetryData created: {
            time_since_boot: 43934348588,
            x: 4.0,
            y: 0.0,
            z: 0.0,
            x_velocity: 1.0,
            y_velocity: 0.0,
            z_velocity: 0.0,
            roll: 0.0,
            pitch: 0.0,
            yaw: 1.5707963705062866,
            roll_speed: 0.0,
            pitch_speed: 0.0,
            yaw_speed: 3.1415927410125732
        }
01:17:07: [INFO] [C:\Users\Dell\Documents\AutoBootcamp\autonomy-bootcamp-2025-p2\modules\telemetry\telemetry_worker.py | telemetry_worker | 71] Sent telemetry data: {
            time_since_boot: 43934348588,
            x: 4.0,
            y: 0.0,
            z: 0.0,
            x_velocity: 1.0,
            y_velocity: 0.0,
            z_velocity: 0.0,
            roll: 0.0,
            pitch: 0.0,
            yaw: 1.5707963705062866,
            roll_speed: 0.0,
            pitch_speed: 0.0,
            yaw_speed: 3.1415927410125732
        }
01:17:08: [WARNING] [C:\Users\Dell\Documents\AutoBootcamp\autonomy-bootcamp-2025-p2\modules\telemetry\telemetry.py | run | 139] Did not receive both ATTITUDE and LOCAL_POSITION_NED within 1 second.
01:17:08: [ERROR] [C:\Users\Dell\Documents\AutoBootcamp\autonomy-bootcamp-2025-p2\modules\telemetry\telemetry_worker.py | telemetry_worker | 66] Attempting to enqueue None telemetry_data! Skipping.
