01:08:34: [INFO] [C:\Users\Dell\Documents\AutoBootcamp\autonomy-bootcamp-2025-p2\modules\common\modules\logger\logger_main_setup.py | setup_main_logger | 62] main logger initialized
01:08:35: [INFO] [C:\Users\Dell\Documents\AutoBootcamp\autonomy-bootcamp-2025-p2\tests\integration\test_telemetry.py | main | 112] Connected!
01:08:35: [INFO] [C:\Users\Dell\Documents\AutoBootcamp\autonomy-bootcamp-2025-p2\tests\integration\test_telemetry.py | read_queue | 70] Received telemetry data: {
            time_since_boot: 333000,
            x: 0.0,
            y: 0.0,
            z: 0.0,
            x_velocity: 1.0,
            y_velocity: 0.0,
            z_velocity: 0.0,
            roll: 0.0,
            pitch: 0.0,
            yaw: 1.0471975803375244,
            roll_speed: 0.0,
            pitch_speed: 0.0,
            yaw_speed: 3.1415927410125732
        }
01:08:35: [INFO] [C:\Users\Dell\Documents\AutoBootcamp\autonomy-bootcamp-2025-p2\tests\integration\test_telemetry.py | read_queue | 70] Received telemetry data: {
            time_since_boot: 667000,
            x: 0.5,
            y: 0.0,
            z: 0.0,
            x_velocity: 1.0,
            y_velocity: 0.0,
            z_velocity: 0.0,
            roll: 0.0,
            pitch: 0.0,
            yaw: 2.094395160675049,
            roll_speed: 0.0,
            pitch_speed: 0.0,
            yaw_speed: 3.1415927410125732
        }
01:08:36: [INFO] [C:\Users\Dell\Documents\AutoBootcamp\autonomy-bootcamp-2025-p2\tests\integration\test_telemetry.py | read_queue | 70] Received telemetry data: {
            time_since_boot: 1333,
            x: 1.0,
            y: 0.0,
            z: 0.0,
            x_velocity: 1.0,
            y_velocity: 0.0,
            z_velocity: 0.0,
            roll: 0.0,
            pitch: 0.0,
            yaw: -2.094395160675049,
            roll_speed: 0.0,
            pitch_speed: 0.0,
            yaw_speed: 3.1415927410125732
        }
01:08:36: [INFO] [C:\Users\Dell\Documents\AutoBootcamp\autonomy-bootcamp-2025-p2\tests\integration\test_telemetry.py | read_queue | 70] Received telemetry data: {
            time_since_boot: 1666,
            x: 1.5,
            y: 0.0,
            z: 0.0,
            x_velocity: 1.0,
            y_velocity: 0.0,
            z_velocity: 0.0,
            roll: 0.0,
            pitch: 0.0,
            yaw: -1.0471975803375244,
            roll_speed: 0.0,
            pitch_speed: 0.0,
            yaw_speed: 3.1415927410125732
        }
01:08:37: [INFO] [C:\Users\Dell\Documents\AutoBootcamp\autonomy-bootcamp-2025-p2\tests\integration\test_telemetry.py | read_queue | 70] Received telemetry data: {
            time_since_boot: 2334,
            x: 2.0,
            y: 0.0,
            z: 0.0,
            x_velocity: 1.0,
            y_velocity: 0.0,
            z_velocity: 0.0,
            roll: 0.0,
            pitch: 0.0,
            yaw: 1.0471975803375244,
            roll_speed: 0.0,
            pitch_speed: 0.0,
            yaw_speed: 3.1415927410125732
        }
01:08:37: [INFO] [C:\Users\Dell\Documents\AutoBootcamp\autonomy-bootcamp-2025-p2\tests\integration\test_telemetry.py | read_queue | 70] Received telemetry data: {
            time_since_boot: 2666,
            x: 2.5,
            y: 0.0,
            z: 0.0,
            x_velocity: 1.0,
            y_velocity: 0.0,
            z_velocity: 0.0,
            roll: 0.0,
            pitch: 0.0,
            yaw: 2.094395160675049,
            roll_speed: 0.0,
            pitch_speed: 0.0,
            yaw_speed: 3.1415927410125732
        }
01:08:38: [INFO] [C:\Users\Dell\Documents\AutoBootcamp\autonomy-bootcamp-2025-p2\tests\integration\test_telemetry.py | read_queue | 70] Received telemetry data: {
            time_since_boot: 3333,
            x: 3.0,
            y: 0.0,
            z: 0.0,
            x_velocity: 1.0,
            y_velocity: 0.0,
            z_velocity: 0.0,
            roll: 0.0,
            pitch: 0.0,
            yaw: -2.094395160675049,
            roll_speed: 0.0,
            pitch_speed: 0.0,
            yaw_speed: 3.1415927410125732
        }
01:08:38: [INFO] [C:\Users\Dell\Documents\AutoBootcamp\autonomy-bootcamp-2025-p2\tests\integration\test_telemetry.py | read_queue | 70] Received telemetry data: {
            time_since_boot: 3666,
            x: 3.5,
            y: 0.0,
            z: 0.0,
            x_velocity: 1.0,
            y_velocity: 0.0,
            z_velocity: 0.0,
            roll: 0.0,
            pitch: 0.0,
            yaw: -1.0471975803375244,
            roll_speed: 0.0,
            pitch_speed: 0.0,
            yaw_speed: 3.1415927410125732
        }
01:08:39: [INFO] [C:\Users\Dell\Documents\AutoBootcamp\autonomy-bootcamp-2025-p2\tests\integration\test_telemetry.py | read_queue | 70] Received telemetry data: {
            time_since_boot: 4333,
            x: 4.0,
            y: 0.0,
            z: 0.0,
            x_velocity: 1.0,
            y_velocity: 0.0,
            z_velocity: 0.0,
            roll: 0.0,
            pitch: 0.0,
            yaw: 1.0471975803375244,
            roll_speed: 0.0,
            pitch_speed: 0.0,
            yaw_speed: 3.1415927410125732
        }
01:08:39: [INFO] [C:\Users\Dell\Documents\AutoBootcamp\autonomy-bootcamp-2025-p2\tests\integration\test_telemetry.py | read_queue | 70] Received telemetry data: {
            time_since_boot: 4666,
            x: 4.5,
            y: 0.0,
            z: 0.0,
            x_velocity: 1.0,
            y_velocity: 0.0,
            z_velocity: 0.0,
            roll: 0.0,
            pitch: 0.0,
            yaw: 2.094395160675049,
            roll_speed: 0.0,
            pitch_speed: 0.0,
            yaw_speed: 3.1415927410125732
        }
01:08:43: [INFO] [C:\Users\Dell\Documents\AutoBootcamp\autonomy-bootcamp-2025-p2\tests\integration\test_telemetry.py | read_queue | 70] Received telemetry data: {
            time_since_boot: 500000,
            x: 0.0,
            y: 0.0,
            z: 0.0,
            x_velocity: 1.0,
            y_velocity: 0.0,
            z_velocity: 0.0,
            roll: 0.0,
            pitch: 0.0,
            yaw: 1.5707963705062866,
            roll_speed: 0.0,
            pitch_speed: 0.0,
            yaw_speed: 3.1415927410125732
        }
01:08:44: [INFO] [C:\Users\Dell\Documents\AutoBootcamp\autonomy-bootcamp-2025-p2\tests\integration\test_telemetry.py | read_queue | 70] Received telemetry data: {
            time_since_boot: 667000,
            x: 0.6666666865348816,
            y: 0.0,
            z: 0.0,
            x_velocity: 1.0,
            y_velocity: 0.0,
            z_velocity: 0.0,
            roll: 0.0,
            pitch: 0.0,
            yaw: 3.1415927410125732,
            roll_speed: 0.0,
            pitch_speed: 0.0,
            yaw_speed: 3.1415927410125732
        }
01:08:44: [INFO] [C:\Users\Dell\Documents\AutoBootcamp\autonomy-bootcamp-2025-p2\tests\integration\test_telemetry.py | read_queue | 70] Received telemetry data: {
            time_since_boot: 1500,
            x: 1.0,
            y: 0.0,
            z: 0.0,
            x_velocity: 1.0,
            y_velocity: 0.0,
            z_velocity: 0.0,
            roll: 0.0,
            pitch: 0.0,
            yaw: -1.5707963705062866,
            roll_speed: 0.0,
            pitch_speed: 0.0,
            yaw_speed: 3.1415927410125732
        }
01:08:45: [INFO] [C:\Users\Dell\Documents\AutoBootcamp\autonomy-bootcamp-2025-p2\tests\integration\test_telemetry.py | read_queue | 70] Received telemetry data: {
            time_since_boot: 2000,
            x: 1.6666666269302368,
            y: 0.0,
            z: 0.0,
            x_velocity: 1.0,
            y_velocity: 0.0,
            z_velocity: 0.0,
            roll: 0.0,
            pitch: 0.0,
            yaw: 0.0,
            roll_speed: 0.0,
            pitch_speed: 0.0,
            yaw_speed: 3.1415927410125732
        }
01:08:45: [INFO] [C:\Users\Dell\Documents\AutoBootcamp\autonomy-bootcamp-2025-p2\tests\integration\test_telemetry.py | read_queue | 70] Received telemetry data: {
            time_since_boot: 2500,
            x: 2.0,
            y: 0.0,
            z: 0.0,
            x_velocity: 1.0,
            y_velocity: 0.0,
            z_velocity: 0.0,
            roll: 0.0,
            pitch: 0.0,
            yaw: 1.5707963705062866,
            roll_speed: 0.0,
            pitch_speed: 0.0,
            yaw_speed: 3.1415927410125732
        }
01:08:46: [INFO] [C:\Users\Dell\Documents\AutoBootcamp\autonomy-bootcamp-2025-p2\tests\integration\test_telemetry.py | read_queue | 70] Received telemetry data: {
            time_since_boot: 3000,
            x: 2.6666667461395264,
            y: 0.0,
            z: 0.0,
            x_velocity: 1.0,
            y_velocity: 0.0,
            z_velocity: 0.0,
            roll: 0.0,
            pitch: 0.0,
            yaw: 3.1415927410125732,
            roll_speed: 0.0,
            pitch_speed: 0.0,
            yaw_speed: 3.1415927410125732
        }
01:08:46: [INFO] [C:\Users\Dell\Documents\AutoBootcamp\autonomy-bootcamp-2025-p2\tests\integration\test_telemetry.py | read_queue | 70] Received telemetry data: {
            time_since_boot: 3500,
            x: 3.0,
            y: 0.0,
            z: 0.0,
            x_velocity: 1.0,
            y_velocity: 0.0,
            z_velocity: 0.0,
            roll: 0.0,
            pitch: 0.0,
            yaw: -1.5707963705062866,
            roll_speed: 0.0,
            pitch_speed: 0.0,
            yaw_speed: 3.1415927410125732
        }
01:08:47: [INFO] [C:\Users\Dell\Documents\AutoBootcamp\autonomy-bootcamp-2025-p2\tests\integration\test_telemetry.py | read_queue | 70] Received telemetry data: {
            time_since_boot: 4000,
            x: 3.6666667461395264,
            y: 0.0,
            z: 0.0,
            x_velocity: 1.0,
            y_velocity: 0.0,
            z_velocity: 0.0,
            roll: 0.0,
            pitch: 0.0,
            yaw: 0.0,
            roll_speed: 0.0,
            pitch_speed: 0.0,
            yaw_speed: 3.1415927410125732
        }
01:08:47: [INFO] [C:\Users\Dell\Documents\AutoBootcamp\autonomy-bootcamp-2025-p2\tests\integration\test_telemetry.py | read_queue | 70] Received telemetry data: {
            time_since_boot: 4500,
            x: 4.0,
            y: 0.0,
            z: 0.0,
            x_velocity: 1.0,
            y_velocity: 0.0,
            z_velocity: 0.0,
            roll: 0.0,
            pitch: 0.0,
            yaw: 1.5707963705062866,
            roll_speed: 0.0,
            pitch_speed: 0.0,
            yaw_speed: 3.1415927410125732
        }
